This is XeTeX, Version 3.141592653-2.6-0.999995 (MiKTeX 24.1) (preloaded format=xelatex.fmt)
 restricted \write18 enabled.
entering extended mode
(main.tex
LaTeX2e <2023-11-01> patch level 1
L3 programming layer <2024-02-20>
(C:\Users\jbdel\AppData\Local\Programs\MiKTeX\tex/latex/ieeetran\IEEEtran.cls
Document Class: IEEEtran 2015/08/26 V1.8b by Michael Shell
-- See the "IEEEtran_HOWTO" manual for usage information.
-- http://www.michaelshell.org/tex/ieeetran/

LaTeX Font Warning: Font shape `TU/ptm/m/n' undefined
(Font)              using `TU/lmr/m/n' instead on input line 503.

-- Using 8.5in x 11in (letter) paper.
-- Using DVI output.
-- This is a 10 point document.

LaTeX Font Warning: Font shape `TU/ptm/bx/n' undefined
(Font)              using `TU/ptm/m/n' instead on input line 1090.


LaTeX Font Warning: Font shape `TU/ptm/m/it' undefined
(Font)              using `TU/ptm/m/n' instead on input line 1090.


LaTeX Font Warning: Font shape `TU/ptm/bx/it' undefined
(Font)              using `TU/ptm/bx/n' instead on input line 1090.

)
** ATTENTION: Overriding command lockouts (line 4).
(C:\Users\jbdel\AppData\Local\Programs\MiKTeX\tex/latex/cite\cite.sty)
(C:\Users\jbdel\AppData\Local\Programs\MiKTeX\tex/latex/algorithmicx\algpseudoc
ode.sty (C:\Users\jbdel\AppData\Local\Programs\MiKTeX\tex/latex/base\ifthen.sty
)
(C:\Users\jbdel\AppData\Local\Programs\MiKTeX\tex/latex/algorithmicx\algorithmi
cx.sty
Document Style algorithmicx 1.2 - a greatly improved `algorithmic' style
)
Document Style - pseudocode environments for use with the `algorithmicx' style
)
(C:\Users\jbdel\AppData\Local\Programs\MiKTeX\tex/latex/algorithm2e\algorithm2e
.sty
(C:\Users\jbdel\AppData\Local\Programs\MiKTeX\tex/latex/ifoddpage\ifoddpage.sty
) (C:\Users\jbdel\AppData\Local\Programs\MiKTeX\tex/latex/tools\xspace.sty)
(C:\Users\jbdel\AppData\Local\Programs\MiKTeX\tex/latex/relsize\relsize.sty))
(C:\Users\jbdel\AppData\Local\Programs\MiKTeX\tex/latex/graphics\rotating.sty
(C:\Users\jbdel\AppData\Local\Programs\MiKTeX\tex/latex/graphics\graphicx.sty
(C:\Users\jbdel\AppData\Local\Programs\MiKTeX\tex/latex/graphics\keyval.sty)
(C:\Users\jbdel\AppData\Local\Programs\MiKTeX\tex/latex/graphics\graphics.sty
(C:\Users\jbdel\AppData\Local\Programs\MiKTeX\tex/latex/graphics\trig.sty)
(C:\Users\jbdel\AppData\Local\Programs\MiKTeX\tex/latex/graphics-cfg\graphics.c
fg)
(C:\Users\jbdel\AppData\Local\Programs\MiKTeX\tex/latex/graphics-def\xetex.def)
))) (C:\Users\jbdel\AppData\Local\Programs\MiKTeX\tex/latex/tools\tabularx.sty
(C:\Users\jbdel\AppData\Local\Programs\MiKTeX\tex/latex/tools\array.sty))
(C:\Users\jbdel\AppData\Local\Programs\MiKTeX\tex/latex/listings\listings.sty
(C:\Users\jbdel\AppData\Local\Programs\MiKTeX\tex/latex/listings\lstpatch.sty)
(C:\Users\jbdel\AppData\Local\Programs\MiKTeX\tex/latex/listings\lstmisc.sty)
(C:\Users\jbdel\AppData\Local\Programs\MiKTeX\tex/latex/listings\listings.cfg))

(C:\Users\jbdel\AppData\Local\Programs\MiKTeX\tex/latex/lstaddons\lstautogobble
.sty) (C:\Users\jbdel\AppData\Local\Programs\MiKTeX\tex/latex/base\textcomp.sty
) (C:\Users\jbdel\AppData\Local\Programs\MiKTeX\tex/latex/float\float.sty)
(C:\Users\jbdel\AppData\Local\Programs\MiKTeX\tex/latex/tools\multicol.sty)
(C:\Users\jbdel\AppData\Local\Programs\MiKTeX\tex/latex/caption\caption.sty
(C:\Users\jbdel\AppData\Local\Programs\MiKTeX\tex/latex/caption\caption3.sty)

Package caption Warning: Unknown document class (or package),
(caption)                standard defaults will be used.
See the caption package documentation for explanation.

)
(C:\Users\jbdel\AppData\Local\Programs\MiKTeX\tex/latex/adjustbox\adjustbox.sty
(C:\Users\jbdel\AppData\Local\Programs\MiKTeX\tex/latex/xkeyval\xkeyval.sty
(C:\Users\jbdel\AppData\Local\Programs\MiKTeX\tex/generic/xkeyval\xkeyval.tex
(C:\Users\jbdel\AppData\Local\Programs\MiKTeX\tex/generic/xkeyval\xkvutils.tex)
))
(C:\Users\jbdel\AppData\Local\Programs\MiKTeX\tex/latex/adjustbox\adjcalc.sty)
(C:\Users\jbdel\AppData\Local\Programs\MiKTeX\tex/latex/adjustbox\trimclip.sty
(C:\Users\jbdel\AppData\Local\Programs\MiKTeX\tex/latex/collectbox\collectbox.s
ty)
(C:\Users\jbdel\AppData\Local\Programs\MiKTeX\tex/latex/adjustbox\tc-xetex.def)
) (C:\Users\jbdel\AppData\Local\Programs\MiKTeX\tex/latex/varwidth\varwidth.sty
))
(C:\Users\jbdel\AppData\Local\Programs\MiKTeX\tex/latex/caption\subcaption.sty)
 (C:\Users\jbdel\AppData\Local\Programs\MiKTeX\tex/latex/pdfpages\pdfpages.sty
(C:\Users\jbdel\AppData\Local\Programs\MiKTeX\tex/latex/tools\calc.sty)
(C:\Users\jbdel\AppData\Local\Programs\MiKTeX\tex/latex/eso-pic\eso-pic.sty
(C:\Users\jbdel\AppData\Local\Programs\MiKTeX\tex/latex/xcolor\xcolor.sty
(C:\Users\jbdel\AppData\Local\Programs\MiKTeX\tex/latex/graphics-cfg\color.cfg)
(C:\Users\jbdel\AppData\Local\Programs\MiKTeX\tex/latex/graphics\mathcolor.ltx)
)) (C:\Users\jbdel\AppData\Local\Programs\MiKTeX\tex/latex/pdfpages\ppxetex.def
))
(C:\Users\jbdel\AppData\Local\Programs\MiKTeX\tex/latex/setspace\setspace.sty)
(C:\Users\jbdel\AppData\Local\Programs\MiKTeX\tex/latex/tools\verbatim.sty)
(C:\Users\jbdel\AppData\Local\Programs\MiKTeX\tex/latex/amsmath\amsmath.sty
For additional information on amsmath, use the `?' option.
(C:\Users\jbdel\AppData\Local\Programs\MiKTeX\tex/latex/amsmath\amstext.sty
(C:\Users\jbdel\AppData\Local\Programs\MiKTeX\tex/latex/amsmath\amsgen.sty))
(C:\Users\jbdel\AppData\Local\Programs\MiKTeX\tex/latex/amsmath\amsbsy.sty)
(C:\Users\jbdel\AppData\Local\Programs\MiKTeX\tex/latex/amsmath\amsopn.sty))
(C:\Users\jbdel\AppData\Local\Programs\MiKTeX\tex/latex/amsfonts\amssymb.sty
(C:\Users\jbdel\AppData\Local\Programs\MiKTeX\tex/latex/amsfonts\amsfonts.sty))
 (C:\Users\jbdel\AppData\Local\Programs\MiKTeX\tex/latex/xfrac\xfrac.sty
(C:\Users\jbdel\AppData\Local\Programs\MiKTeX\tex/latex/l3packages/xtemplate\xt
emplate.sty
(C:\Users\jbdel\AppData\Local\Programs\MiKTeX\tex/latex/l3packages/xtemplate\xt
emplate-2023-10-10.sty
(C:\Users\jbdel\AppData\Local\Programs\MiKTeX\tex/latex/l3kernel\expl3.sty
(C:\Users\jbdel\AppData\Local\Programs\MiKTeX\tex/latex/l3backend\l3backend-xet
ex.def)))))
(C:\Users\jbdel\AppData\Local\Programs\MiKTeX\tex/latex/tools\bm.sty)
(C:\Users\jbdel\AppData\Local\Programs\MiKTeX\tex/latex/natbib\natbib.sty

Package natbib Warning: The `cite' package should not be used
(natbib)                with natbib. Use option `sort' instead.

) (C:\Users\jbdel\AppData\Local\Programs\MiKTeX\tex/latex/hyperref\hyperref.sty
(C:\Users\jbdel\AppData\Local\Programs\MiKTeX\tex/generic/iftex\iftex.sty)
(C:\Users\jbdel\AppData\Local\Programs\MiKTeX\tex/latex/kvsetkeys\kvsetkeys.sty
)
(C:\Users\jbdel\AppData\Local\Programs\MiKTeX\tex/generic/kvdefinekeys\kvdefine
keys.sty)
(C:\Users\jbdel\AppData\Local\Programs\MiKTeX\tex/generic/pdfescape\pdfescape.s
ty
(C:\Users\jbdel\AppData\Local\Programs\MiKTeX\tex/generic/ltxcmds\ltxcmds.sty)
(C:\Users\jbdel\AppData\Local\Programs\MiKTeX\tex/generic/pdftexcmds\pdftexcmds
.sty
(C:\Users\jbdel\AppData\Local\Programs\MiKTeX\tex/generic/infwarerr\infwarerr.s
ty)))
(C:\Users\jbdel\AppData\Local\Programs\MiKTeX\tex/latex/hycolor\hycolor.sty)
(C:\Users\jbdel\AppData\Local\Programs\MiKTeX\tex/latex/auxhook\auxhook.sty)
(C:\Users\jbdel\AppData\Local\Programs\MiKTeX\tex/latex/hyperref\nameref.sty
(C:\Users\jbdel\AppData\Local\Programs\MiKTeX\tex/latex/refcount\refcount.sty)
(C:\Users\jbdel\AppData\Local\Programs\MiKTeX\tex/generic/gettitlestring\gettit
lestring.sty
(C:\Users\jbdel\AppData\Local\Programs\MiKTeX\tex/latex/kvoptions\kvoptions.sty
)))
(C:\Users\jbdel\AppData\Local\Programs\MiKTeX\tex/latex/etoolbox\etoolbox.sty)
(C:\Users\jbdel\AppData\Local\Programs\MiKTeX\tex/latex/hyperref\pd1enc.def)
(C:\Users\jbdel\AppData\Local\Programs\MiKTeX\tex/generic/intcalc\intcalc.sty)
(C:\Users\jbdel\AppData\Local\Programs\MiKTeX\tex/latex/hyperref\puenc.def)
(C:\Users\jbdel\AppData\Local\Programs\MiKTeX\tex/latex/url\url.sty)
(C:\Users\jbdel\AppData\Local\Programs\MiKTeX\tex/generic/bitset\bitset.sty
(C:\Users\jbdel\AppData\Local\Programs\MiKTeX\tex/generic/bigintcalc\bigintcalc
.sty))
(C:\Users\jbdel\AppData\Local\Programs\MiKTeX\tex/latex/base\atbegshi-ltx.sty))
(C:\Users\jbdel\AppData\Local\Programs\MiKTeX\tex/latex/hyperref\hxetex.def
(C:\Users\jbdel\AppData\Local\Programs\MiKTeX\tex/generic/stringenc\stringenc.s
ty)
(C:\Users\jbdel\AppData\Local\Programs\MiKTeX\tex/latex/rerunfilecheck\rerunfil
echeck.sty
(C:\Users\jbdel\AppData\Local\Programs\MiKTeX\tex/latex/base\atveryend-ltx.sty)

(C:\Users\jbdel\AppData\Local\Programs\MiKTeX\tex/generic/uniquecounter\uniquec
ounter.sty)))
(C:\Users\jbdel\AppData\Local\Programs\MiKTeX\tex/latex/acronym\acronym.sty
(C:\Users\jbdel\AppData\Local\Programs\MiKTeX\tex/latex/bigfoot\suffix.sty)
(C:\Users\jbdel\AppData\Local\Programs\MiKTeX\tex/latex/xstring\xstring.sty
(C:\Users\jbdel\AppData\Local\Programs\MiKTeX\tex/generic/xstring\xstring.tex))
) (C:\Users\jbdel\AppData\Local\Programs\MiKTeX\tex/latex/makecell\makecell.sty
)
(C:\Users\jbdel\AppData\Local\Programs\MiKTeX\tex/latex/nicematrix\nicematrix.s
ty
(C:\Users\jbdel\AppData\Local\Programs\MiKTeX\tex/latex/pgf/basiclayer\pgfcore.
sty
(C:\Users\jbdel\AppData\Local\Programs\MiKTeX\tex/latex/pgf/systemlayer\pgfsys.
sty
(C:\Users\jbdel\AppData\Local\Programs\MiKTeX\tex/latex/pgf/utilities\pgfrcs.st
y
(C:\Users\jbdel\AppData\Local\Programs\MiKTeX\tex/generic/pgf/utilities\pgfutil
-common.tex)
(C:\Users\jbdel\AppData\Local\Programs\MiKTeX\tex/generic/pgf/utilities\pgfutil
-latex.def)
(C:\Users\jbdel\AppData\Local\Programs\MiKTeX\tex/generic/pgf/utilities\pgfrcs.
code.tex
(C:\Users\jbdel\AppData\Local\Programs\MiKTeX\tex/generic/pgf\pgf.revision.tex)
))
(C:\Users\jbdel\AppData\Local\Programs\MiKTeX\tex/generic/pgf/systemlayer\pgfsy
s.code.tex
(C:\Users\jbdel\AppData\Local\Programs\MiKTeX\tex/generic/pgf/utilities\pgfkeys
.code.tex
(C:\Users\jbdel\AppData\Local\Programs\MiKTeX\tex/generic/pgf/utilities\pgfkeys
libraryfiltered.code.tex))
(C:\Users\jbdel\AppData\Local\Programs\MiKTeX\tex/generic/pgf/systemlayer\pgf.c
fg)
(C:\Users\jbdel\AppData\Local\Programs\MiKTeX\tex/generic/pgf/systemlayer\pgfsy
s-xetex.def
(C:\Users\jbdel\AppData\Local\Programs\MiKTeX\tex/generic/pgf/systemlayer\pgfsy
s-dvipdfmx.def
(C:\Users\jbdel\AppData\Local\Programs\MiKTeX\tex/generic/pgf/systemlayer\pgfsy
s-common-pdf.def))))
(C:\Users\jbdel\AppData\Local\Programs\MiKTeX\tex/generic/pgf/systemlayer\pgfsy
ssoftpath.code.tex)
(C:\Users\jbdel\AppData\Local\Programs\MiKTeX\tex/generic/pgf/systemlayer\pgfsy
sprotocol.code.tex))
(C:\Users\jbdel\AppData\Local\Programs\MiKTeX\tex/generic/pgf/basiclayer\pgfcor
e.code.tex
(C:\Users\jbdel\AppData\Local\Programs\MiKTeX\tex/generic/pgf/math\pgfmath.code
.tex
(C:\Users\jbdel\AppData\Local\Programs\MiKTeX\tex/generic/pgf/math\pgfmathutil.
code.tex)
(C:\Users\jbdel\AppData\Local\Programs\MiKTeX\tex/generic/pgf/math\pgfmathparse
r.code.tex)
(C:\Users\jbdel\AppData\Local\Programs\MiKTeX\tex/generic/pgf/math\pgfmathfunct
ions.code.tex)
(C:\Users\jbdel\AppData\Local\Programs\MiKTeX\tex/generic/pgf/math\pgfmathfunct
ions.basic.code.tex)
(C:\Users\jbdel\AppData\Local\Programs\MiKTeX\tex/generic/pgf/math\pgfmathfunct
ions.trigonometric.code.tex)
(C:\Users\jbdel\AppData\Local\Programs\MiKTeX\tex/generic/pgf/math\pgfmathfunct
ions.random.code.tex)
(C:\Users\jbdel\AppData\Local\Programs\MiKTeX\tex/generic/pgf/math\pgfmathfunct
ions.comparison.code.tex)
(C:\Users\jbdel\AppData\Local\Programs\MiKTeX\tex/generic/pgf/math\pgfmathfunct
ions.base.code.tex)
(C:\Users\jbdel\AppData\Local\Programs\MiKTeX\tex/generic/pgf/math\pgfmathfunct
ions.round.code.tex)
(C:\Users\jbdel\AppData\Local\Programs\MiKTeX\tex/generic/pgf/math\pgfmathfunct
ions.misc.code.tex)
(C:\Users\jbdel\AppData\Local\Programs\MiKTeX\tex/generic/pgf/math\pgfmathfunct
ions.integerarithmetics.code.tex)
(C:\Users\jbdel\AppData\Local\Programs\MiKTeX\tex/generic/pgf/math\pgfmathcalc.
code.tex)
(C:\Users\jbdel\AppData\Local\Programs\MiKTeX\tex/generic/pgf/math\pgfmathfloat
.code.tex))
(C:\Users\jbdel\AppData\Local\Programs\MiKTeX\tex/generic/pgf/math\pgfint.code.
tex)
(C:\Users\jbdel\AppData\Local\Programs\MiKTeX\tex/generic/pgf/basiclayer\pgfcor
epoints.code.tex)
(C:\Users\jbdel\AppData\Local\Programs\MiKTeX\tex/generic/pgf/basiclayer\pgfcor
epathconstruct.code.tex)
(C:\Users\jbdel\AppData\Local\Programs\MiKTeX\tex/generic/pgf/basiclayer\pgfcor
epathusage.code.tex)
(C:\Users\jbdel\AppData\Local\Programs\MiKTeX\tex/generic/pgf/basiclayer\pgfcor
escopes.code.tex)
(C:\Users\jbdel\AppData\Local\Programs\MiKTeX\tex/generic/pgf/basiclayer\pgfcor
egraphicstate.code.tex)
(C:\Users\jbdel\AppData\Local\Programs\MiKTeX\tex/generic/pgf/basiclayer\pgfcor
etransformations.code.tex)
(C:\Users\jbdel\AppData\Local\Programs\MiKTeX\tex/generic/pgf/basiclayer\pgfcor
equick.code.tex)
(C:\Users\jbdel\AppData\Local\Programs\MiKTeX\tex/generic/pgf/basiclayer\pgfcor
eobjects.code.tex)
(C:\Users\jbdel\AppData\Local\Programs\MiKTeX\tex/generic/pgf/basiclayer\pgfcor
epathprocessing.code.tex)
(C:\Users\jbdel\AppData\Local\Programs\MiKTeX\tex/generic/pgf/basiclayer\pgfcor
earrows.code.tex)
(C:\Users\jbdel\AppData\Local\Programs\MiKTeX\tex/generic/pgf/basiclayer\pgfcor
eshade.code.tex)
(C:\Users\jbdel\AppData\Local\Programs\MiKTeX\tex/generic/pgf/basiclayer\pgfcor
eimage.code.tex)
(C:\Users\jbdel\AppData\Local\Programs\MiKTeX\tex/generic/pgf/basiclayer\pgfcor
eexternal.code.tex)
(C:\Users\jbdel\AppData\Local\Programs\MiKTeX\tex/generic/pgf/basiclayer\pgfcor
elayers.code.tex)
(C:\Users\jbdel\AppData\Local\Programs\MiKTeX\tex/generic/pgf/basiclayer\pgfcor
etransparency.code.tex)
(C:\Users\jbdel\AppData\Local\Programs\MiKTeX\tex/generic/pgf/basiclayer\pgfcor
epatterns.code.tex)
(C:\Users\jbdel\AppData\Local\Programs\MiKTeX\tex/generic/pgf/basiclayer\pgfcor
erdf.code.tex)))
(C:\Users\jbdel\AppData\Local\Programs\MiKTeX\tex/generic/pgf/modules\pgfmodule
shapes.code.tex)
(C:\Users\jbdel\AppData\Local\Programs\MiKTeX\tex/latex/l3packages/l3keys2e\l3k
eys2e.sty))

LaTeX Warning: \include should only be used after \begin{document} on input lin
e 134.

(../code/code_gpu.tex)

LaTeX Warning: \include should only be used after \begin{document} on input lin
e 135.

(../code/code_C.tex)

LaTeX Warning: \include should only be used after \begin{document} on input lin
e 136.

(../code/code_tst.tex) (main.aux

LaTeX Warning: Label `subfig:SimpleSim001' multiply defined.


LaTeX Warning: Label `sub@subfig:SimpleSim001' multiply defined.


LaTeX Warning: Label `subfig:SimpleSim002' multiply defined.


LaTeX Warning: Label `sub@subfig:SimpleSim002' multiply defined.

) (C:\Users\jbdel\AppData\Local\Programs\MiKTeX\tex/latex/base\ts1cmr.fd)

LaTeX Font Warning: Font shape `TU/ptm/b/n' undefined
(Font)              using `TU/ptm/bx/n' instead on input line 158.


LaTeX Font Warning: Font shape `TU/ptm/b/it' undefined
(Font)              using `TU/ptm/bx/it' instead on input line 158.


LaTeX Font Warning: Font shape `TU/ptm/b/n' undefined
(Font)              using `TU/ptm/bx/n' instead on input line 158.


LaTeX Font Warning: Font shape `TU/ptm/b/it' undefined
(Font)              using `TU/ptm/bx/it' instead on input line 158.


LaTeX Font Warning: Font shape `TU/ptm/b/n' undefined
(Font)              using `TU/ptm/bx/n' instead on input line 158.


LaTeX Font Warning: Font shape `TU/ptm/b/it' undefined
(Font)              using `TU/ptm/bx/it' instead on input line 158.


LaTeX Font Warning: Font shape `TU/ptm/b/n' undefined
(Font)              using `TU/ptm/bx/n' instead on input line 158.


LaTeX Font Warning: Font shape `TU/ptm/b/it' undefined
(Font)              using `TU/ptm/bx/it' instead on input line 158.


LaTeX Font Warning: Font shape `TU/ptm/b/n' undefined
(Font)              using `TU/ptm/bx/n' instead on input line 158.


LaTeX Font Warning: Font shape `TU/ptm/b/it' undefined
(Font)              using `TU/ptm/bx/it' instead on input line 158.


LaTeX Font Warning: Font shape `TU/ptm/b/n' undefined
(Font)              using `TU/ptm/bx/n' instead on input line 158.


LaTeX Font Warning: Font shape `TU/ptm/b/it' undefined
(Font)              using `TU/ptm/bx/it' instead on input line 158.


LaTeX Font Warning: Font shape `TU/ptm/b/n' undefined
(Font)              using `TU/ptm/bx/n' instead on input line 158.


LaTeX Font Warning: Font shape `TU/ptm/b/it' undefined
(Font)              using `TU/ptm/bx/it' instead on input line 158.


LaTeX Font Warning: Font shape `TU/ptm/b/n' undefined
(Font)              using `TU/ptm/bx/n' instead on input line 158.


LaTeX Font Warning: Font shape `TU/ptm/b/it' undefined
(Font)              using `TU/ptm/bx/it' instead on input line 158.


LaTeX Font Warning: Font shape `TU/ptm/b/n' undefined
(Font)              using `TU/ptm/bx/n' instead on input line 158.


LaTeX Font Warning: Font shape `TU/ptm/b/it' undefined
(Font)              using `TU/ptm/bx/it' instead on input line 158.


LaTeX Font Warning: Font shape `TU/ptm/b/n' undefined
(Font)              using `TU/ptm/bx/n' instead on input line 158.


LaTeX Font Warning: Font shape `TU/ptm/b/it' undefined
(Font)              using `TU/ptm/bx/it' instead on input line 158.

-- Lines per column: 56 (exact).

(C:\Users\jbdel\AppData\Local\Programs\MiKTeX\tex/latex/pdflscape\pdflscape.sty

(C:\Users\jbdel\AppData\Local\Programs\MiKTeX\tex/latex/pdflscape\pdflscape-nom
etadata.sty
(C:\Users\jbdel\AppData\Local\Programs\MiKTeX\tex/latex/graphics\lscape.sty)))
(main.out) (main.out)

LaTeX Font Warning: Font shape `TU/ptm/b/n' undefined
(Font)              using `TU/ptm/bx/n' instead on input line 177.


LaTeX Font Warning: Font shape `TU/ptm/b/n' undefined
(Font)              using `TU/ptm/bx/n' instead on input line 181.

(RCCDD_Intro.tex

LaTeX Font Warning: Font shape `TU/ptm/m/sc' undefined
(Font)              using `TU/ptm/m/n' instead on input line 2.


Package acronym Warning: Acronym `PFEM' is not defined on input line 10.


LaTeX Font Warning: Font shape `TU/ptm/b/n' undefined
(Font)              using `TU/ptm/bx/n' instead on input line 10.


Package acronym Warning: Acronym `DEM' is not defined on input line 10.


LaTeX Font Warning: Font shape `TU/ptm/b/n' undefined
(Font)              using `TU/ptm/bx/n' instead on input line 10.


Underfull \vbox (badness 10000) has occurred while \output is active [1]
(../images/FullCDFlow.tex)) (PrevCDNoz.tex [2]) (ParticleParticle.tex [3]

LaTeX Font Warning: Font shape `TU/pcr/m/n' undefined
(Font)              using `TU/lmr/m/n' instead on input line 12.

(../code/ParticleComp.tex
(C:\Users\jbdel\AppData\Local\Programs\MiKTeX\tex/latex/listings\lstlang1.sty)
(C:\Users\jbdel\AppData\Local\Programs\MiKTeX\tex/latex/listings\lstmisc.sty))
[4] (../code/ProcessParticleContact.tex) (../images/ParticleParticle.tex)
[5] (../equations/calcmom001.tex
(C:\Users\jbdel\AppData\Local\Programs\MiKTeX\tex/latex/amsfonts\umsa.fd)
(C:\Users\jbdel\AppData\Local\Programs\MiKTeX\tex/latex/amsfonts\umsb.fd))
(../equations/calcmom002.tex) (../equations/calcmom003.tex)
(../equations/calcmom004.tex) (../equations/calcmom005.tex)
(../equations/calcmom006.tex) (../equations/calcmom007.tex)
(../equations/calcmom008.tex) (../equations/calcmom009.tex)
(../code/CalcMomentum.tex

LaTeX Warning: `h' float specifier changed to `ht'.

) [6]) (ParticleBoundary.tex [7] (../images/InventortCDN.tex)
(../images/InventortCDNDWG.tex) (../images/RCCDBoundaryWhole.tex)
Underfull \vbox (badness 10000) has occurred while \output is active [8]
(../images/RCCDBoundaryCPoint.tex) (../equations/bound001.tex [9])
(../equations/bound002.tex) (../images/CDNozBoundaryCellSlice.tex)
(../images/CDNozBoundaryAll.tex)
Underfull \vbox (badness 10000) has occurred while \output is active [10]
(../code/ProcessCDNBoundary.tex

LaTeX Warning: `h' float specifier changed to `ht'.

) [11] (../code/CalcBoundaryVel.tex

LaTeX Warning: Float too large for page by 18.79999pt on input line 90.


LaTeX Warning: `h' float specifier changed to `ht'.

) (../code/GetCDRadius.tex

LaTeX Warning: `h' float specifier changed to `ht'.

)) (MotionUpdate.tex [12] [13] [14] (../code/ChangePosCDNoz.tex

LaTeX Warning: `h' float specifier changed to `ht'.

)) (Eval.tex [15] [16] (../code/tstfile.tex

LaTeX Font Warning: Font shape `TU/ptm/b/n' undefined
(Font)              using `TU/ptm/bx/n' instead on input line 34.


LaTeX Font Warning: Font shape `TU/ptm/b/n' undefined
(Font)              using `TU/ptm/bx/n' instead on input line 34.

) (../images/SimpleConfig.tex)
Underfull \vbox (badness 10000) has occurred while \output is active [17]
(../images/SimpleSequence.tex)

LaTeX Font Warning: Font shape `TU/ptm/b/it' undefined
(Font)              using `TU/ptm/bx/it' instead on input line 28.

(../images/main_HSV2GradientLabelled.tex)
Underfull \vbox (badness 10000) has occurred while \output is active [18]
Overfull \vbox (53.38957pt too high) has occurred while \output is active
[19] (../images/GradientPlotLabelled.tex) (../images/main_HSV2GradientSimp.tex)
 (../images/SimpVectPlot.tex) [20] [21] (../images/FullFlow.tex) [22]
(../imgperm/FullFlowSlice.tex) (../imgperm/FullFlowAntiBoundary.tex)
(../imgperm/ChokedFlow.tex)
Underfull \vbox (badness 10000) has occurred while \output is active [23]
[24]) (References.tex [25] (main.bbl))

** Conference Paper **
Before submitting the final camera ready copy, remember to:

 1. Manually equalize the lengths of two columns on the last page
 of your paper;

 2. Ensure that any PostScript and/or PDF output post-processing
 uses only Type 1 fonts and that every step in the generation
 process uses the appropriate paper size.

[26] (main.aux)

LaTeX Font Warning: Size substitutions with differences
(Font)              up to 3.25pt have occurred.


LaTeX Font Warning: Some font shapes were not available, defaults substituted.


LaTeX Warning: There were multiply-defined labels.

 )
(see the transcript file for additional information)
Output written on main.pdf (26 pages).
Transcript written on main.log.
